Arguments: 
  D:\node\nodejs\node.exe C:\Users\jade\AppData\Roaming\npm\node_modules\yarn\bin\yarn.js add captchapng -S

PATH: 
  C:\Users\jade\AppData\Local\Microsoft\WindowsApps;C:\Users\jade\AppData\Local\Programs\Microsoft VS Code\bin;C:\Users\jade\AppData\Roaming\npm;C:\Program Files\Git\cmd;C:\WINDOWS\system32;C:\WINDOWS;C:\WINDOWS\System32\Wbem;C:\WINDOWS\System32\WindowsPowerShell\v1.0\;C:\WINDOWS\System32\OpenSSH\;D:\node\nvm\nvm;D:\node\nodejs;C:\Users\jade\AppData\Local\Microsoft\WindowsApps;C:\Users\jade\AppData\Local\Programs\Microsoft VS Code\bin;C:\Program Files\MongoDB\mongo\bin;C:\Program Files\MongoDB\Server\5.0\bin;C:\Users\jade\AppData\Local\Yarn\bin;C:\Program Files\nodejs;D:\node\nvm\nvm;D:\node\nodejs

Yarn version: 
  1.22.19

Node version: 
  14.21.3

Platform: 
  win32 x64

Trace: 
  Error: connect ETIMEDOUT 104.16.18.35:443
      at TCPConnectWrap.afterConnect [as oncomplete] (net.js:1159:16)

npm manifest: 
  {
    "name": "express-test",
    "version": "0.0.0",
    "private": true,
    "scripts": {
      "start": "cross-env  NODE_ENV=development ./bin/www"
    },
    "dependencies": {
      "cookie-parser": "~1.4.4",
      "cors": "^2.8.5",
      "debug": "~2.6.9",
      "express": "~4.16.1",
      "http-errors": "~1.6.3",
      "i": "^0.3.7",
      "jade": "~1.11.0",
      "mongoose": "6.10.4",
      "morgan": "~1.9.1",
      "node-fetch": "^2.6.1",
      "npm": "^9.6.6",
      "pinyin": "^2.8.3"
    },
    "devDependencies": {
      "cross-env": "^7.0.3"
    }
  }

yarn manifest: 
  No manifest

Lockfile: 
  No lockfile
